nohup: ignoring input
NOTE: Picked up JDK_JAVA_OPTIONS:  --add-opens=java.base/java.lang=ALL-UNNAMED --add-opens=java.base/java.lang.invoke=ALL-UNNAMED --add-opens=java.base/java.lang.reflect=ALL-UNNAMED --add-opens=java.base/java.net=ALL-UNNAMED --add-opens=java.base/sun.net.www.protocol.http=ALL-UNNAMED --add-opens=java.base/sun.net.www.protocol.https=ALL-UNNAMED --add-opens=java.base/sun.util.calendar=ALL-UNNAMED --add-opens=jdk.zipfs/jdk.nio.zipfs=ALL-UNNAMED --add-opens=java.base/java.lang=ALL-UNNAMED --add-opens=java.base/java.io=ALL-UNNAMED --add-opens=java.base/java.util=ALL-UNNAMED --add-opens=java.base/java.util.concurrent=ALL-UNNAMED --add-opens=java.rmi/sun.rmi.transport=ALL-UNNAMED
11-Dec-2025 10:12:28.479 INFO [main] org.apache.catalina.startup.Catalina.load Server initialization in [864] milliseconds
Loading jar:file:/workspaces/ai-tasks/liferay-workspace/bundles/tomcat/webapps/ROOT/WEB-INF/shielded-container-lib/portal-impl.jar!/system.properties
Loading jar:file:/workspaces/ai-tasks/liferay-workspace/bundles/tomcat/webapps/ROOT/WEB-INF/shielded-container-lib/portal-impl.jar!/portal.properties
Loading file:/workspaces/ai-tasks/liferay-workspace/bundles/portal-ext.properties
Loading file:/workspaces/ai-tasks/liferay-workspace/bundles/portal-setup-wizard.properties
WARNING: sun.reflect.Reflection.getCallerClass is not supported. This will impact performance.
2025-12-11 10:12:30.825 INFO  [main][PortalContextLoaderListener:114] JVM arguments: --add-opens=java.base/java.lang=ALL-UNNAMED --add-opens=java.base/java.lang.invoke=ALL-UNNAMED --add-opens=java.base/java.lang.reflect=ALL-UNNAMED --add-opens=java.base/java.net=ALL-UNNAMED --add-opens=java.base/sun.net.www.protocol.http=ALL-UNNAMED --add-opens=java.base/sun.net.www.protocol.https=ALL-UNNAMED --add-opens=java.base/sun.util.calendar=ALL-UNNAMED --add-opens=jdk.zipfs/jdk.nio.zipfs=ALL-UNNAMED --add-opens=java.base/java.lang=ALL-UNNAMED --add-opens=java.base/java.io=ALL-UNNAMED --add-opens=java.base/java.util=ALL-UNNAMED --add-opens=java.base/java.util.concurrent=ALL-UNNAMED --add-opens=java.rmi/sun.rmi.transport=ALL-UNNAMED -Djava.util.logging.config.file=/workspaces/ai-tasks/liferay-workspace/bundles/tomcat/conf/logging.properties -Djava.util.logging.manager=org.apache.juli.ClassLoaderLogManager -Djdk.tls.ephemeralDHKeySize=2048 -Djava.protocol.handler.pkgs=org.apache.catalina.webresources -Dorg.apache.catalina.security.SecurityListener.UMASK=0027 -Dfile.encoding=UTF-8 -Djava.net.preferIPv4Stack=true -Duser.timezone=GMT -Xms2560m -Xmx2560m -XX:MaxNewSize=1536m -XX:MaxMetaspaceSize=768m -XX:MetaspaceSize=768m -XX:NewSize=1536m -XX:SurvivorRatio=7 -Dignore.endorsed.dirs= -Dcatalina.base=/workspaces/ai-tasks/liferay-workspace/bundles/tomcat -Dcatalina.home=/workspaces/ai-tasks/liferay-workspace/bundles/tomcat -Djava.io.tmpdir=/workspaces/ai-tasks/liferay-workspace/bundles/tomcat/temp
2025-12-11 10:12:35.588 WARN  [SystemExecutorServiceUtil-1][DialectDetector:73] Liferay is configured to use Hypersonic as its database. Do NOT use Hypersonic in production. Hypersonic is an embedded database useful for development and demonstration purposes. The database settings can be changed in portal-ext.properties.
2025-12-11 10:12:35.590 INFO  [SystemExecutorServiceUtil-1][DialectDetector:134] Using dialect com.liferay.portal.dao.orm.hibernate.HSQLDialect for HSQL Database Engine 2.7
2025-12-11 10:12:37.790 INFO  [main][ModuleFrameworkImpl:1355] Starting initial bundles
2025-12-11 10:12:38.234 INFO  [main][InterpolationConfigurationPlugin:109] Configured directory for secrets: /workspaces/ai-tasks/liferay-workspace/bundles/osgi/configs
2025-12-11 10:12:39.886 INFO  [main][ModuleFrameworkImpl:1645] Started initial bundles
2025-12-11 10:12:39.889 INFO  [main][ModuleFrameworkImpl:1690] Starting dynamic bundles
2025-12-11 10:12:44.261 WARN  [Start Level: Equinox Container: db76b525-44ac-4e2f-bbac-4fec195dd292][SidecarManager:70] Liferay automatically starts a child process of Elasticsearch named sidecar for convenient development and demonstration purposes. Do NOT use sidecar in production. Refer to the documentation for details on the limitations of sidecar and instructions on configuring a remote Elasticsearch connection in the Control Panel.
2025-12-11 10:13:00.080 INFO  [main][ModuleFrameworkImpl:1713] Started dynamic bundles
2025-12-11 10:13:00.083 INFO  [main][ModuleFrameworkImpl:1720] Starting web bundles
2025-12-11 10:13:04.557 INFO  [main][ModuleFrameworkImpl:1774] Started web bundles
2025-12-11 10:13:04.558 INFO  [main][ModuleFrameworkImpl:283] Navigate to Control Panel > System > Gogo Shell and enter "lb" to see all bundles
2025-12-11 10:13:12.037 INFO  [SystemExecutorServiceUtil-2][Sidecar:100] Sidecar Elasticsearch 7.17.26 liferay_sidecar started at 127.0.0.1:9201

    __    ____________________  _____  __
   / /   /  _/ ____/ ____/ __ \/   \ \/ /
  / /    / // /_  / __/ / /_/ / /| |\  /
 / /____/ // __/ / /___/ _, _/ ___ |/ /
/_____/___/_/   /_____/_/ |_/_/  |_/_/

Starting Liferay Community Edition Portal 7.4.3.132 CE GA132 (February 18, 2025)

2025-12-11 10:13:16.139 INFO  [main][StartupHelperUtil:100] There are no patches installed
2025-12-11 10:13:17.909 INFO  [main][AutoDeployDir:152] Auto deploy scanner started for /workspaces/ai-tasks/liferay-workspace/bundles/deploy
11-Dec-2025 10:13:23.563 INFO [main] org.apache.catalina.startup.Catalina.start Server startup in [55079] milliseconds
2025-12-11 10:13:25.150 INFO  [fileinstall-directory-watcher][BaseAutoDeployListener:34] Copying themes for /workspaces/ai-tasks/liferay-workspace/bundles/tomcat/temp/20251211101324908WNRCFEWY/admin-theme.war
2025-12-11 10:13:27.589 INFO  [fileinstall-directory-watcher][BaseAutoDeployListener:41] Themes for /workspaces/ai-tasks/liferay-workspace/bundles/tomcat/temp/20251211101324908WNRCFEWY/admin-theme.war copied successfully
2025-12-11 10:13:28.804 WARN  [http-nio-8080-exec-1][LogService:53] Default value "mapDb" for attribute definition "chatMemoryProvider" is invalid because "Value "mapDb" is not one of the options.".
2025-12-11 10:13:28.921 WARN  [http-nio-8080-exec-1][LogService:53] Invalid default value "mapDb" for attribute definition "chatMemoryProvider" in metadata XML at "bundleentry://1398.fwk1727093989/OSGI-INF/metatype/fi.soveltia.liferay.aitasks.configuration.AITasksConfiguration.xml" for bundle ID "1398" with symbolic name "fi.soveltia.liferay.aitasks.api".
2025-12-11 10:13:35.442 INFO  [fileinstall-directory-watcher][BaseAutoDeployListener:34] Copying themes for /workspaces/ai-tasks/liferay-workspace/bundles/tomcat/temp/20251211101335380RMRYZKTZ/classic-theme.war
2025-12-11 10:13:36.874 INFO  [fileinstall-directory-watcher][BaseAutoDeployListener:41] Themes for /workspaces/ai-tasks/liferay-workspace/bundles/tomcat/temp/20251211101335380RMRYZKTZ/classic-theme.war copied successfully
2025-12-11 10:13:41.671 INFO  [fileinstall-directory-watcher][BaseAutoDeployListener:34] Copying themes for /workspaces/ai-tasks/liferay-workspace/bundles/tomcat/temp/20251211101341634SMLPURYW/dialect-theme.war
2025-12-11 10:13:43.490 INFO  [fileinstall-directory-watcher][BaseAutoDeployListener:41] Themes for /workspaces/ai-tasks/liferay-workspace/bundles/tomcat/temp/20251211101341634SMLPURYW/dialect-theme.war copied successfully
2025-12-11 10:13:48.859 INFO  [fileinstall-directory-watcher][BaseAutoDeployListener:34] Copying themes for /workspaces/ai-tasks/liferay-workspace/bundles/tomcat/temp/20251211101348791DOWUCRVJ/minium-theme.war
2025-12-11 10:13:50.332 INFO  [fileinstall-directory-watcher][BaseAutoDeployListener:41] Themes for /workspaces/ai-tasks/liferay-workspace/bundles/tomcat/temp/20251211101348791DOWUCRVJ/minium-theme.war copied successfully
2025-12-11 10:13:52.891 INFO  [fileinstall-directory-watcher][BaseAutoDeployListener:34] Copying themes for /workspaces/ai-tasks/liferay-workspace/bundles/tomcat/temp/20251211101352873AXOLDIWV/speedwell-theme.war
2025-12-11 10:13:53.429 INFO  [fileinstall-directory-watcher][BaseAutoDeployListener:41] Themes for /workspaces/ai-tasks/liferay-workspace/bundles/tomcat/temp/20251211101352873AXOLDIWV/speedwell-theme.war copied successfully
2025-12-11 10:17:45.446 WARN  [http-nio-8080-exec-8][code_jsp:163] {code="404", msg="The requested resource [/portal/login] is not available", uri=/portal/login}
2025-12-11 10:17:46.337 ERROR [http-nio-8080-exec-8][FeatureFlagsBag:90] Feature flag LPD-39437 is not available for company 0
2025-12-11 10:17:46.340 ERROR [http-nio-8080-exec-8][FeatureFlagsBag:90] Feature flag LPD-39437 is not available for company 0
2025-12-11 10:17:46.343 ERROR [http-nio-8080-exec-8][FeatureFlagsBag:90] Feature flag LPD-39437 is not available for company 0
2025-12-11 10:17:48.740 ERROR [http-nio-8080-exec-8][FeatureFlagsBag:90] Feature flag LPD-44091 is not available for company 0
2025-12-11 10:17:48.743 ERROR [http-nio-8080-exec-8][FeatureFlagsBag:90] Feature flag LPD-36719 is not available for company 0
2025-12-11 10:19:12.648 WARN  [liferay/mail-2][MailMessageListener:123] Email test@domain.invalid will be ignored because it is included in mail.send.blacklist
2025-12-11 10:19:12.651 WARN  [liferay/mail-2][MailMessageListener:49] Skipping email because the sender is not specified
